0 info it worked if it ends with ok
1 verbose cli [ 'node', '/usr/local/bin/npm', 'install', 'nodemon' ]
2 info using npm@1.4.28
3 info using node@v0.10.33
4 verbose readDependencies using package.json deps
5 verbose cache add [ 'nodemon', null ]
6 verbose cache add name=undefined spec="nodemon" args=["nodemon",null]
7 verbose parsed url { protocol: null,
7 verbose parsed url   slashes: null,
7 verbose parsed url   auth: null,
7 verbose parsed url   host: null,
7 verbose parsed url   port: null,
7 verbose parsed url   hostname: null,
7 verbose parsed url   hash: null,
7 verbose parsed url   search: null,
7 verbose parsed url   query: null,
7 verbose parsed url   pathname: 'nodemon',
7 verbose parsed url   path: 'nodemon',
7 verbose parsed url   href: 'nodemon' }
8 silly lockFile 1625b929-nodemon nodemon
9 verbose lock nodemon /Users/Gabriel/.npm/1625b929-nodemon.lock
10 silly lockFile 1625b929-nodemon nodemon
11 silly lockFile 1625b929-nodemon nodemon
12 verbose addNamed [ 'nodemon', '' ]
13 verbose addNamed [ null, '*' ]
14 silly lockFile 4f5e51c6-nodemon nodemon@
15 verbose lock nodemon@ /Users/Gabriel/.npm/4f5e51c6-nodemon.lock
16 silly addNameRange { name: 'nodemon', range: '*', hasData: false }
17 verbose request where is /nodemon
18 verbose request registry https://registry.npmjs.org/
19 verbose request id f5ab2d3c9348f990
20 verbose url raw /nodemon
21 verbose url resolving [ 'https://registry.npmjs.org/', './nodemon' ]
22 verbose url resolved https://registry.npmjs.org/nodemon
23 verbose request where is https://registry.npmjs.org/nodemon
24 info trying registry request attempt 1 at 14:30:28
25 verbose etag "3WTAQGK63BJ469VQUHMIOLF8H"
26 http GET https://registry.npmjs.org/nodemon
27 http 304 https://registry.npmjs.org/nodemon
28 silly registry.get cb [ 304,
28 silly registry.get   { date: 'Tue, 04 Aug 2015 12:30:28 GMT',
28 silly registry.get     via: '1.1 varnish',
28 silly registry.get     'cache-control': 'max-age=60',
28 silly registry.get     etag: '"3WTAQGK63BJ469VQUHMIOLF8H"',
28 silly registry.get     age: '12',
28 silly registry.get     connection: 'keep-alive',
28 silly registry.get     'x-served-by': 'cache-fra1223-FRA',
28 silly registry.get     'x-cache': 'HIT',
28 silly registry.get     'x-cache-hits': '1',
28 silly registry.get     'x-timer': 'S1438691428.189069,VS0,VE0',
28 silly registry.get     vary: 'Accept' } ]
29 verbose etag https://registry.npmjs.org/nodemon from cache
30 silly addNameRange number 2 { name: 'nodemon', range: '*', hasData: true }
31 silly addNameRange versions [ 'nodemon',
31 silly addNameRange   [ '0.1.4',
31 silly addNameRange     '0.1.5',
31 silly addNameRange     '0.1.6',
31 silly addNameRange     '0.1.7',
31 silly addNameRange     '0.1.8',
31 silly addNameRange     '0.2.0',
31 silly addNameRange     '0.2.1',
31 silly addNameRange     '0.2.2',
31 silly addNameRange     '0.3.0',
31 silly addNameRange     '0.3.1',
31 silly addNameRange     '0.3.2',
31 silly addNameRange     '0.4.0',
31 silly addNameRange     '0.4.1',
31 silly addNameRange     '0.5.0',
31 silly addNameRange     '0.5.1',
31 silly addNameRange     '0.5.2',
31 silly addNameRange     '0.5.3',
31 silly addNameRange     '0.5.4',
31 silly addNameRange     '0.5.5',
31 silly addNameRange     '0.5.6',
31 silly addNameRange     '0.5.7',
31 silly addNameRange     '0.6.0',
31 silly addNameRange     '0.6.1',
31 silly addNameRange     '0.6.2',
31 silly addNameRange     '0.6.3',
31 silly addNameRange     '0.6.4',
31 silly addNameRange     '0.6.5',
31 silly addNameRange     '0.6.6',
31 silly addNameRange     '0.6.7',
31 silly addNameRange     '0.6.8',
31 silly addNameRange     '0.6.9',
31 silly addNameRange     '0.6.10',
31 silly addNameRange     '0.6.11',
31 silly addNameRange     '0.6.12',
31 silly addNameRange     '0.6.13',
31 silly addNameRange     '0.6.14',
31 silly addNameRange     '0.6.15',
31 silly addNameRange     '0.6.16',
31 silly addNameRange     '0.6.17',
31 silly addNameRange     '0.6.18',
31 silly addNameRange     '0.6.19',
31 silly addNameRange     '0.6.20',
31 silly addNameRange     '0.6.21',
31 silly addNameRange     '0.6.22',
31 silly addNameRange     '0.6.23',
31 silly addNameRange     '0.7.0',
31 silly addNameRange     '0.7.1',
31 silly addNameRange     '0.7.2',
31 silly addNameRange     '0.7.3',
31 silly addNameRange     '0.7.4',
31 silly addNameRange     '0.7.5',
31 silly addNameRange     '0.7.6',
31 silly addNameRange     '0.7.7',
31 silly addNameRange     '0.7.8',
31 silly addNameRange     '0.7.10',
31 silly addNameRange     '0.9.0',
31 silly addNameRange     '0.9.1',
31 silly addNameRange     '0.9.2',
31 silly addNameRange     '0.9.3',
31 silly addNameRange     '0.9.5',
31 silly addNameRange     '0.9.6',
31 silly addNameRange     '0.9.7',
31 silly addNameRange     '0.9.10',
31 silly addNameRange     '0.9.11',
31 silly addNameRange     '0.9.12',
31 silly addNameRange     '0.9.14',
31 silly addNameRange     '0.9.16',
31 silly addNameRange     '0.9.17',
31 silly addNameRange     '1.0.0',
31 silly addNameRange     '1.0.1',
31 silly addNameRange     '1.0.2',
31 silly addNameRange     '1.0.2-rc',
31 silly addNameRange     '0.6.10-a',
31 silly addNameRange     '1.0.2-rc3',
31 silly addNameRange     '1.0.2-rc4',
31 silly addNameRange     '1.0.3',
31 silly addNameRange     '1.0.4',
31 silly addNameRange     '1.0.5',
31 silly addNameRange     '1.0.6',
31 silly addNameRange     '1.0.7',
31 silly addNameRange     '1.0.8',
31 silly addNameRange     '1.0.9',
31 silly addNameRange     '1.0.10',
31 silly addNameRange     '1.0.11',
31 silly addNameRange     '1.0.12',
31 silly addNameRange     '1.0.13',
31 silly addNameRange     '1.0.14',
31 silly addNameRange     '1.0.15',
31 silly addNameRange     '1.0.16',
31 silly addNameRange     '1.0.17-rc1',
31 silly addNameRange     '1.0.17-rc2',
31 silly addNameRange     '1.0.17',
31 silly addNameRange     '1.0.18',
31 silly addNameRange     '1.0.19',
31 silly addNameRange     '1.0.20',
31 silly addNameRange     '1.1.0-alpha',
31 silly addNameRange     '1.1.0',
31 silly addNameRange     '1.1.1',
31 silly addNameRange     '1.2.0',
31 silly addNameRange     '1.2.1',
31 silly addNameRange     '1.3.0-0',
31 silly addNameRange     '1.3.0-1',
31 silly addNameRange     '1.3.0-2',
31 silly addNameRange     '1.3.0-3',
31 silly addNameRange     '1.3.0-4',
31 silly addNameRange     '1.3.0-5',
31 silly addNameRange     '1.3.0-6',
31 silly addNameRange     '1.3.0-7',
31 silly addNameRange     '1.3.0',
31 silly addNameRange     '1.3.1',
31 silly addNameRange     '1.3.2',
31 silly addNameRange     '1.3.3',
31 silly addNameRange     '1.3.5',
31 silly addNameRange     '1.3.6',
31 silly addNameRange     '1.3.7',
31 silly addNameRange     '1.3.8',
31 silly addNameRange     '1.4.0' ] ]
32 verbose addNamed [ 'nodemon', '1.4.0' ]
33 verbose addNamed [ '1.4.0', '1.4.0' ]
34 silly lockFile 5fc335d7-nodemon-1-4-0 nodemon@1.4.0
35 verbose lock nodemon@1.4.0 /Users/Gabriel/.npm/5fc335d7-nodemon-1-4-0.lock
36 silly lockFile 88f92cff-js-org-nodemon-nodemon-1-4-0-tgz https://registry.npmjs.org/nodemon/-/nodemon-1.4.0.tgz
37 verbose lock https://registry.npmjs.org/nodemon/-/nodemon-1.4.0.tgz /Users/Gabriel/.npm/88f92cff-js-org-nodemon-nodemon-1-4-0-tgz.lock
38 verbose addRemoteTarball [ 'https://registry.npmjs.org/nodemon/-/nodemon-1.4.0.tgz',
38 verbose addRemoteTarball   'f566146245c82910a4e7d051c10afe0535e9394c' ]
39 info retry fetch attempt 1 at 14:30:28
40 verbose fetch to= /var/folders/b2/szqgdqp55cd4mqpf27k63s3m0000gn/T/npm-10542-vBgH9El9/registry.npmjs.org/nodemon/-/nodemon-1.4.0.tgz
41 http GET https://registry.npmjs.org/nodemon/-/nodemon-1.4.0.tgz
42 http 200 https://registry.npmjs.org/nodemon/-/nodemon-1.4.0.tgz
43 silly lockFile 88f92cff-js-org-nodemon-nodemon-1-4-0-tgz https://registry.npmjs.org/nodemon/-/nodemon-1.4.0.tgz
44 silly lockFile 88f92cff-js-org-nodemon-nodemon-1-4-0-tgz https://registry.npmjs.org/nodemon/-/nodemon-1.4.0.tgz
45 silly lockFile 5fc335d7-nodemon-1-4-0 nodemon@1.4.0
46 silly lockFile 5fc335d7-nodemon-1-4-0 nodemon@1.4.0
47 silly lockFile 4f5e51c6-nodemon nodemon@
48 silly lockFile 4f5e51c6-nodemon nodemon@
49 error Error: EACCES, mkdir '/Users/Gabriel/.npm/nodemon/1.4.0'
49 error  { [Error: EACCES, mkdir '/Users/Gabriel/.npm/nodemon/1.4.0']
49 error   errno: 3,
49 error   code: 'EACCES',
49 error   path: '/Users/Gabriel/.npm/nodemon/1.4.0',
49 error   parent: 'rekrutierung' }
50 error Please try running this command again as root/Administrator.
51 error System Darwin 14.0.0
52 error command "node" "/usr/local/bin/npm" "install" "nodemon"
53 error cwd /Users/Gabriel/Desktop/rekrutierung
54 error node -v v0.10.33
55 error npm -v 1.4.28
56 error path /Users/Gabriel/.npm/nodemon/1.4.0
57 error code EACCES
58 error errno 3
59 error stack Error: EACCES, mkdir '/Users/Gabriel/.npm/nodemon/1.4.0'
60 verbose exit [ 3, true ]
